{
  "RSpec": {
    "coverage": {
      "/var/app/app/representers/rewards_representer.rb": {
        "lines": [
          null,
          null,
          1,
          1,
          null,
          1,
          1,
          2,
          null,
          null,
          null,
          1,
          2,
          null,
          1,
          null,
          null,
          1,
          1,
          3,
          null,
          null,
          null,
          1,
          null,
          1,
          null,
          1,
          1,
          3,
          3,
          null,
          null,
          1,
          3,
          null,
          2,
          null,
          null,
          1,
          null,
          1,
          null,
          1,
          1,
          null,
          null,
          1,
          4,
          null,
          null,
          1,
          5,
          null,
          null,
          1,
          2,
          null,
          null,
          null
        ]
      },
      "/var/app/app/services/json_parser_service.rb": {
        "lines": [
          null,
          null,
          1,
          null,
          1,
          1,
          null,
          1,
          1,
          12,
          null,
          null,
          null,
          1,
          12,
          null,
          11,
          null,
          1,
          null,
          null,
          1,
          24,
          null,
          null,
          1,
          null,
          1,
          null,
          1,
          10,
          14,
          null,
          null,
          null,
          null,
          null,
          null,
          1,
          2,
          null,
          null,
          1,
          39,
          null,
          null,
          1,
          38,
          null,
          null,
          1,
          142,
          null,
          null,
          null,
          null,
          null,
          1,
          14,
          15,
          null,
          null,
          null,
          1,
          1,
          15,
          null,
          null,
          1,
          15,
          null,
          null,
          1,
          null,
          1,
          null,
          1,
          15,
          null,
          null,
          1,
          15,
          null,
          null,
          1,
          38,
          null,
          null,
          null,
          null,
          null,
          null,
          null,
          1,
          15,
          null,
          null,
          null,
          null,
          null,
          null,
          null,
          null,
          null
        ]
      }
    },
    "timestamp": 1622068763
  }
}
